{"/Users/shaiharyaarahmad/shaiharyaar/university/Full-Stack-Development/part5/bloglist-frontend/src/App.jsx": {"path":"/Users/shaiharyaarahmad/shaiharyaar/university/Full-Stack-Development/part5/bloglist-frontend/src/App.jsx","statementMap":{"0":{"start":{"line":12,"column":12},"end":{"line":179,"column":1}},"1":{"start":{"line":14,"column":24},"end":{"line":14,"column":32}},"2":{"start":{"line":15,"column":25},"end":{"line":15,"column":33}},"3":{"start":{"line":18,"column":28},"end":{"line":18,"column":40}},"4":{"start":{"line":19,"column":34},"end":{"line":19,"column":46}},"5":{"start":{"line":20,"column":34},"end":{"line":20,"column":46}},"6":{"start":{"line":21,"column":26},"end":{"line":21,"column":40}},"7":{"start":{"line":22,"column":42},"end":{"line":22,"column":56}},"8":{"start":{"line":24,"column":22},"end":{"line":48,"column":3}},"9":{"start":{"line":25,"column":4},"end":{"line":25,"column":26}},"10":{"start":{"line":26,"column":4},"end":{"line":47,"column":5}},"11":{"start":{"line":27,"column":18},"end":{"line":30,"column":8}},"12":{"start":{"line":31,"column":6},"end":{"line":31,"column":16}},"13":{"start":{"line":32,"column":6},"end":{"line":32,"column":47}},"14":{"start":{"line":34,"column":6},"end":{"line":37,"column":7}},"15":{"start":{"line":35,"column":8},"end":{"line":35,"column":61}},"16":{"start":{"line":36,"column":8},"end":{"line":36,"column":14}},"17":{"start":{"line":39,"column":6},"end":{"line":39,"column":75}},"18":{"start":{"line":40,"column":6},"end":{"line":40,"column":76}},"19":{"start":{"line":41,"column":6},"end":{"line":41,"column":37}},"20":{"start":{"line":42,"column":6},"end":{"line":42,"column":18}},"21":{"start":{"line":43,"column":6},"end":{"line":43,"column":21}},"22":{"start":{"line":44,"column":6},"end":{"line":44,"column":21}},"23":{"start":{"line":46,"column":6},"end":{"line":46,"column":69}},"24":{"start":{"line":50,"column":17},"end":{"line":54,"column":3}},"25":{"start":{"line":51,"column":4},"end":{"line":51,"column":55}},"26":{"start":{"line":52,"column":4},"end":{"line":52,"column":17}},"27":{"start":{"line":53,"column":4},"end":{"line":53,"column":16}},"28":{"start":{"line":56,"column":21},"end":{"line":74,"column":3}},"29":{"start":{"line":57,"column":35},"end":{"line":57,"column":45}},"30":{"start":{"line":58,"column":4},"end":{"line":73,"column":5}},"31":{"start":{"line":59,"column":19},"end":{"line":63,"column":8}},"32":{"start":{"line":65,"column":6},"end":{"line":65,"column":41}},"33":{"start":{"line":65,"column":25},"end":{"line":65,"column":40}},"34":{"start":{"line":67,"column":6},"end":{"line":67,"column":16}},"35":{"start":{"line":68,"column":6},"end":{"line":68,"column":46}},"36":{"start":{"line":69,"column":6},"end":{"line":69,"column":92}},"37":{"start":{"line":71,"column":6},"end":{"line":71,"column":32}},"38":{"start":{"line":72,"column":6},"end":{"line":72,"column":92}},"39":{"start":{"line":76,"column":20},"end":{"line":86,"column":3}},"40":{"start":{"line":77,"column":4},"end":{"line":85,"column":16}},"41":{"start":{"line":81,"column":46},"end":{"line":81,"column":71}},"42":{"start":{"line":82,"column":46},"end":{"line":82,"column":71}},"43":{"start":{"line":88,"column":19},"end":{"line":92,"column":3}},"44":{"start":{"line":89,"column":4},"end":{"line":91,"column":16}},"45":{"start":{"line":94,"column":22},"end":{"line":110,"column":3}},"46":{"start":{"line":94,"column":32},"end":{"line":110,"column":3}},"47":{"start":{"line":95,"column":4},"end":{"line":109,"column":5}},"48":{"start":{"line":96,"column":22},"end":{"line":102,"column":7}},"49":{"start":{"line":103,"column":18},"end":{"line":103,"column":60}},"50":{"start":{"line":104,"column":6},"end":{"line":106,"column":7}},"51":{"start":{"line":105,"column":8},"end":{"line":105,"column":18}},"52":{"start":{"line":108,"column":6},"end":{"line":108,"column":43}},"53":{"start":{"line":112,"column":24},"end":{"line":126,"column":3}},"54":{"start":{"line":112,"column":34},"end":{"line":126,"column":3}},"55":{"start":{"line":113,"column":4},"end":{"line":125,"column":5}},"56":{"start":{"line":114,"column":6},"end":{"line":122,"column":7}},"57":{"start":{"line":115,"column":26},"end":{"line":115,"column":87}},"58":{"start":{"line":116,"column":8},"end":{"line":119,"column":9}},"59":{"start":{"line":117,"column":10},"end":{"line":117,"column":43}},"60":{"start":{"line":118,"column":10},"end":{"line":118,"column":20}},"61":{"start":{"line":121,"column":8},"end":{"line":121,"column":51}},"62":{"start":{"line":124,"column":6},"end":{"line":124,"column":43}},"63":{"start":{"line":128,"column":19},"end":{"line":128,"column":78}},"64":{"start":{"line":128,"column":25},"end":{"line":128,"column":78}},"65":{"start":{"line":128,"column":62},"end":{"line":128,"column":77}},"66":{"start":{"line":130,"column":2},"end":{"line":132,"column":8}},"67":{"start":{"line":131,"column":4},"end":{"line":131,"column":14}},"68":{"start":{"line":134,"column":2},"end":{"line":141,"column":8}},"69":{"start":{"line":135,"column":27},"end":{"line":135,"column":75}},"70":{"start":{"line":136,"column":4},"end":{"line":140,"column":5}},"71":{"start":{"line":137,"column":19},"end":{"line":137,"column":45}},"72":{"start":{"line":138,"column":6},"end":{"line":138,"column":19}},"73":{"start":{"line":139,"column":6},"end":{"line":139,"column":38}},"74":{"start":{"line":143,"column":2},"end":{"line":153,"column":29}},"75":{"start":{"line":144,"column":20},"end":{"line":144,"column":24}},"76":{"start":{"line":145,"column":4},"end":{"line":149,"column":5}},"77":{"start":{"line":146,"column":6},"end":{"line":148,"column":14}},"78":{"start":{"line":147,"column":8},"end":{"line":147,"column":29}},"79":{"start":{"line":150,"column":4},"end":{"line":152,"column":5}},"80":{"start":{"line":151,"column":6},"end":{"line":151,"column":42}},"81":{"start":{"line":155,"column":2},"end":{"line":163,"column":3}},"82":{"start":{"line":156,"column":4},"end":{"line":162,"column":5}},"83":{"start":{"line":165,"column":2},"end":{"line":178,"column":3}}},"fnMap":{"0":{"name":"(anonymous_0)","decl":{"start":{"line":12,"column":12},"end":{"line":12,"column":13}},"loc":{"start":{"line":12,"column":18},"end":{"line":179,"column":1}},"line":12},"1":{"name":"(anonymous_1)","decl":{"start":{"line":24,"column":22},"end":{"line":24,"column":23}},"loc":{"start":{"line":24,"column":39},"end":{"line":48,"column":3}},"line":24},"2":{"name":"(anonymous_2)","decl":{"start":{"line":50,"column":17},"end":{"line":50,"column":18}},"loc":{"start":{"line":50,"column":23},"end":{"line":54,"column":3}},"line":50},"3":{"name":"(anonymous_3)","decl":{"start":{"line":56,"column":21},"end":{"line":56,"column":22}},"loc":{"start":{"line":56,"column":43},"end":{"line":74,"column":3}},"line":56},"4":{"name":"(anonymous_4)","decl":{"start":{"line":65,"column":15},"end":{"line":65,"column":16}},"loc":{"start":{"line":65,"column":25},"end":{"line":65,"column":40}},"line":65},"5":{"name":"(anonymous_5)","decl":{"start":{"line":76,"column":20},"end":{"line":76,"column":21}},"loc":{"start":{"line":77,"column":4},"end":{"line":85,"column":16}},"line":77},"6":{"name":"(anonymous_6)","decl":{"start":{"line":81,"column":30},"end":{"line":81,"column":31}},"loc":{"start":{"line":81,"column":46},"end":{"line":81,"column":71}},"line":81},"7":{"name":"(anonymous_7)","decl":{"start":{"line":82,"column":30},"end":{"line":82,"column":31}},"loc":{"start":{"line":82,"column":46},"end":{"line":82,"column":71}},"line":82},"8":{"name":"(anonymous_8)","decl":{"start":{"line":88,"column":19},"end":{"line":88,"column":20}},"loc":{"start":{"line":89,"column":4},"end":{"line":91,"column":16}},"line":89},"9":{"name":"(anonymous_9)","decl":{"start":{"line":94,"column":22},"end":{"line":94,"column":23}},"loc":{"start":{"line":94,"column":32},"end":{"line":110,"column":3}},"line":94},"10":{"name":"(anonymous_10)","decl":{"start":{"line":94,"column":32},"end":{"line":94,"column":33}},"loc":{"start":{"line":94,"column":44},"end":{"line":110,"column":3}},"line":94},"11":{"name":"(anonymous_11)","decl":{"start":{"line":112,"column":24},"end":{"line":112,"column":25}},"loc":{"start":{"line":112,"column":34},"end":{"line":126,"column":3}},"line":112},"12":{"name":"(anonymous_12)","decl":{"start":{"line":112,"column":34},"end":{"line":112,"column":35}},"loc":{"start":{"line":112,"column":46},"end":{"line":126,"column":3}},"line":112},"13":{"name":"(anonymous_13)","decl":{"start":{"line":128,"column":19},"end":{"line":128,"column":20}},"loc":{"start":{"line":128,"column":25},"end":{"line":128,"column":78}},"line":128},"14":{"name":"(anonymous_14)","decl":{"start":{"line":128,"column":51},"end":{"line":128,"column":52}},"loc":{"start":{"line":128,"column":62},"end":{"line":128,"column":77}},"line":128},"15":{"name":"(anonymous_15)","decl":{"start":{"line":130,"column":12},"end":{"line":130,"column":13}},"loc":{"start":{"line":130,"column":18},"end":{"line":132,"column":3}},"line":130},"16":{"name":"(anonymous_16)","decl":{"start":{"line":134,"column":12},"end":{"line":134,"column":13}},"loc":{"start":{"line":134,"column":18},"end":{"line":141,"column":3}},"line":134},"17":{"name":"(anonymous_17)","decl":{"start":{"line":143,"column":12},"end":{"line":143,"column":13}},"loc":{"start":{"line":143,"column":18},"end":{"line":153,"column":3}},"line":143},"18":{"name":"(anonymous_18)","decl":{"start":{"line":146,"column":29},"end":{"line":146,"column":30}},"loc":{"start":{"line":146,"column":35},"end":{"line":148,"column":7}},"line":146},"19":{"name":"(anonymous_19)","decl":{"start":{"line":150,"column":11},"end":{"line":150,"column":12}},"loc":{"start":{"line":150,"column":17},"end":{"line":152,"column":5}},"line":150}},"branchMap":{"0":{"loc":{"start":{"line":34,"column":6},"end":{"line":37,"column":7}},"type":"if","locations":[{"start":{"line":34,"column":6},"end":{"line":37,"column":7}},{"start":{},"end":{}}],"line":34},"1":{"loc":{"start":{"line":104,"column":6},"end":{"line":106,"column":7}},"type":"if","locations":[{"start":{"line":104,"column":6},"end":{"line":106,"column":7}},{"start":{},"end":{}}],"line":104},"2":{"loc":{"start":{"line":114,"column":6},"end":{"line":122,"column":7}},"type":"if","locations":[{"start":{"line":114,"column":6},"end":{"line":122,"column":7}},{"start":{"line":120,"column":13},"end":{"line":122,"column":7}}],"line":114},"3":{"loc":{"start":{"line":116,"column":8},"end":{"line":119,"column":9}},"type":"if","locations":[{"start":{"line":116,"column":8},"end":{"line":119,"column":9}},{"start":{},"end":{}}],"line":116},"4":{"loc":{"start":{"line":136,"column":4},"end":{"line":140,"column":5}},"type":"if","locations":[{"start":{"line":136,"column":4},"end":{"line":140,"column":5}},{"start":{},"end":{}}],"line":136},"5":{"loc":{"start":{"line":145,"column":4},"end":{"line":149,"column":5}},"type":"if","locations":[{"start":{"line":145,"column":4},"end":{"line":149,"column":5}},{"start":{},"end":{}}],"line":145},"6":{"loc":{"start":{"line":151,"column":6},"end":{"line":151,"column":42}},"type":"binary-expr","locations":[{"start":{"line":151,"column":6},"end":{"line":151,"column":15}},{"start":{"line":151,"column":19},"end":{"line":151,"column":42}}],"line":151},"7":{"loc":{"start":{"line":155,"column":2},"end":{"line":163,"column":3}},"type":"if","locations":[{"start":{"line":155,"column":2},"end":{"line":163,"column":3}},{"start":{},"end":{}}],"line":155}},"s":{"0":0,"1":0,"2":0,"3":0,"4":0,"5":0,"6":0,"7":0,"8":0,"9":0,"10":0,"11":0,"12":0,"13":0,"14":0,"15":0,"16":0,"17":0,"18":0,"19":0,"20":0,"21":0,"22":0,"23":0,"24":0,"25":0,"26":0,"27":0,"28":0,"29":0,"30":0,"31":0,"32":0,"33":0,"34":0,"35":0,"36":0,"37":0,"38":0,"39":0,"40":0,"41":0,"42":0,"43":0,"44":0,"45":0,"46":0,"47":0,"48":0,"49":0,"50":0,"51":0,"52":0,"53":0,"54":0,"55":0,"56":0,"57":0,"58":0,"59":0,"60":0,"61":0,"62":0,"63":0,"64":0,"65":0,"66":0,"67":0,"68":0,"69":0,"70":0,"71":0,"72":0,"73":0,"74":0,"75":0,"76":0,"77":0,"78":0,"79":0,"80":0,"81":0,"82":0,"83":0},"f":{"0":0,"1":0,"2":0,"3":0,"4":0,"5":0,"6":0,"7":0,"8":0,"9":0,"10":0,"11":0,"12":0,"13":0,"14":0,"15":0,"16":0,"17":0,"18":0,"19":0},"b":{"0":[0,0],"1":[0,0],"2":[0,0],"3":[0,0],"4":[0,0],"5":[0,0],"6":[0,0],"7":[0,0]}}
,"/Users/shaiharyaarahmad/shaiharyaar/university/Full-Stack-Development/part5/bloglist-frontend/src/main.jsx": {"path":"/Users/shaiharyaarahmad/shaiharyaar/university/Full-Stack-Development/part5/bloglist-frontend/src/main.jsx","statementMap":{"0":{"start":{"line":5,"column":0},"end":{"line":5,"column":68}}},"fnMap":{},"branchMap":{},"s":{"0":0},"f":{},"b":{}}
,"/Users/shaiharyaarahmad/shaiharyaar/university/Full-Stack-Development/part5/bloglist-frontend/src/components/Blog.jsx": {"path":"/Users/shaiharyaarahmad/shaiharyaar/university/Full-Stack-Development/part5/bloglist-frontend/src/components/Blog.jsx","statementMap":{"0":{"start":{"line":3,"column":13},"end":{"line":46,"column":1}},"1":{"start":{"line":4,"column":26},"end":{"line":4,"column":41}},"2":{"start":{"line":6,"column":20},"end":{"line":11,"column":3}},"3":{"start":{"line":13,"column":28},"end":{"line":16,"column":3}},"4":{"start":{"line":18,"column":21},"end":{"line":18,"column":41}},"5":{"start":{"line":18,"column":27},"end":{"line":18,"column":41}},"6":{"start":{"line":20,"column":2},"end":{"line":45,"column":3}}},"fnMap":{"0":{"name":"(anonymous_0)","decl":{"start":{"line":3,"column":13},"end":{"line":3,"column":14}},"loc":{"start":{"line":3,"column":55},"end":{"line":46,"column":1}},"line":3},"1":{"name":"(anonymous_1)","decl":{"start":{"line":18,"column":21},"end":{"line":18,"column":22}},"loc":{"start":{"line":18,"column":27},"end":{"line":18,"column":41}},"line":18}},"branchMap":{"0":{"loc":{"start":{"line":26,"column":11},"end":{"line":26,"column":33}},"type":"cond-expr","locations":[{"start":{"line":26,"column":18},"end":{"line":26,"column":24}},{"start":{"line":26,"column":27},"end":{"line":26,"column":33}}],"line":26},"1":{"loc":{"start":{"line":28,"column":31},"end":{"line":28,"column":49}},"type":"cond-expr","locations":[{"start":{"line":28,"column":38},"end":{"line":28,"column":40}},{"start":{"line":28,"column":43},"end":{"line":28,"column":49}}],"line":28},"2":{"loc":{"start":{"line":38,"column":40},"end":{"line":38,"column":71}},"type":"binary-expr","locations":[{"start":{"line":38,"column":40},"end":{"line":38,"column":56}},{"start":{"line":38,"column":60},"end":{"line":38,"column":71}}],"line":38}},"s":{"0":1,"1":5,"2":5,"3":5,"4":5,"5":1,"6":5},"f":{"0":5,"1":1},"b":{"0":[1,4],"1":[1,4],"2":[5,5]},"_coverageSchema":"1a1c01bbd47fc00a2c39e90264f33305004495a9","hash":"e9942559bd00e99bc90e3880e104bef2b88d844c"}
,"/Users/shaiharyaarahmad/shaiharyaar/university/Full-Stack-Development/part5/bloglist-frontend/src/components/Blogs.jsx": {"path":"/Users/shaiharyaarahmad/shaiharyaar/university/Full-Stack-Development/part5/bloglist-frontend/src/components/Blogs.jsx","statementMap":{"0":{"start":{"line":4,"column":14},"end":{"line":17,"column":1}},"1":{"start":{"line":5,"column":2},"end":{"line":16,"column":3}},"2":{"start":{"line":8,"column":24},"end":{"line":8,"column":41}},"3":{"start":{"line":10,"column":10},"end":{"line":13,"column":16}}},"fnMap":{"0":{"name":"(anonymous_0)","decl":{"start":{"line":4,"column":14},"end":{"line":4,"column":15}},"loc":{"start":{"line":4,"column":56},"end":{"line":17,"column":1}},"line":4},"1":{"name":"(anonymous_1)","decl":{"start":{"line":8,"column":14},"end":{"line":8,"column":15}},"loc":{"start":{"line":8,"column":24},"end":{"line":8,"column":41}},"line":8},"2":{"name":"(anonymous_2)","decl":{"start":{"line":9,"column":13},"end":{"line":9,"column":14}},"loc":{"start":{"line":10,"column":10},"end":{"line":13,"column":16}},"line":10}},"branchMap":{},"s":{"0":0,"1":0,"2":0,"3":0},"f":{"0":0,"1":0,"2":0},"b":{}}
,"/Users/shaiharyaarahmad/shaiharyaar/university/Full-Stack-Development/part5/bloglist-frontend/src/components/Notification.jsx": {"path":"/Users/shaiharyaarahmad/shaiharyaar/university/Full-Stack-Development/part5/bloglist-frontend/src/components/Notification.jsx","statementMap":{"0":{"start":{"line":1,"column":21},"end":{"line":16,"column":1}},"1":{"start":{"line":3,"column":2},"end":{"line":5,"column":3}},"2":{"start":{"line":4,"column":4},"end":{"line":4,"column":15}},"3":{"start":{"line":7,"column":28},"end":{"line":9,"column":3}},"4":{"start":{"line":11,"column":2},"end":{"line":15,"column":3}}},"fnMap":{"0":{"name":"(anonymous_0)","decl":{"start":{"line":1,"column":21},"end":{"line":1,"column":22}},"loc":{"start":{"line":1,"column":55},"end":{"line":16,"column":1}},"line":1}},"branchMap":{"0":{"loc":{"start":{"line":1,"column":24},"end":{"line":1,"column":39}},"type":"default-arg","locations":[{"start":{"line":1,"column":32},"end":{"line":1,"column":39}}],"line":1},"1":{"loc":{"start":{"line":3,"column":2},"end":{"line":5,"column":3}},"type":"if","locations":[{"start":{"line":3,"column":2},"end":{"line":5,"column":3}},{"start":{},"end":{}}],"line":3}},"s":{"0":0,"1":0,"2":0,"3":0,"4":0},"f":{"0":0},"b":{"0":[0],"1":[0,0]}}
,"/Users/shaiharyaarahmad/shaiharyaar/university/Full-Stack-Development/part5/bloglist-frontend/src/components/SubHeading.jsx": {"path":"/Users/shaiharyaarahmad/shaiharyaar/university/Full-Stack-Development/part5/bloglist-frontend/src/components/SubHeading.jsx","statementMap":{"0":{"start":{"line":1,"column":19},"end":{"line":1,"column":50}},"1":{"start":{"line":1,"column":34},"end":{"line":1,"column":50}}},"fnMap":{"0":{"name":"(anonymous_0)","decl":{"start":{"line":1,"column":19},"end":{"line":1,"column":20}},"loc":{"start":{"line":1,"column":34},"end":{"line":1,"column":50}},"line":1}},"branchMap":{},"s":{"0":0,"1":0},"f":{"0":0},"b":{}}
,"/Users/shaiharyaarahmad/shaiharyaar/university/Full-Stack-Development/part5/bloglist-frontend/src/components/Togglable.jsx": {"path":"/Users/shaiharyaarahmad/shaiharyaar/university/Full-Stack-Development/part5/bloglist-frontend/src/components/Togglable.jsx","statementMap":{"0":{"start":{"line":3,"column":18},"end":{"line":30,"column":2}},"1":{"start":{"line":4,"column":32},"end":{"line":4,"column":47}},"2":{"start":{"line":6,"column":26},"end":{"line":6,"column":60}},"3":{"start":{"line":7,"column":26},"end":{"line":7,"column":60}},"4":{"start":{"line":9,"column":27},"end":{"line":11,"column":3}},"5":{"start":{"line":10,"column":4},"end":{"line":10,"column":24}},"6":{"start":{"line":13,"column":2},"end":{"line":17,"column":4}},"7":{"start":{"line":14,"column":4},"end":{"line":16,"column":5}},"8":{"start":{"line":19,"column":2},"end":{"line":29,"column":3}},"9":{"start":{"line":31,"column":0},"end":{"line":33,"column":1}},"10":{"start":{"line":35,"column":0},"end":{"line":35,"column":35}}},"fnMap":{"0":{"name":"(anonymous_0)","decl":{"start":{"line":3,"column":29},"end":{"line":3,"column":30}},"loc":{"start":{"line":3,"column":66},"end":{"line":30,"column":1}},"line":3},"1":{"name":"(anonymous_1)","decl":{"start":{"line":9,"column":27},"end":{"line":9,"column":28}},"loc":{"start":{"line":9,"column":33},"end":{"line":11,"column":3}},"line":9},"2":{"name":"(anonymous_2)","decl":{"start":{"line":13,"column":28},"end":{"line":13,"column":29}},"loc":{"start":{"line":13,"column":34},"end":{"line":17,"column":3}},"line":13}},"branchMap":{"0":{"loc":{"start":{"line":6,"column":37},"end":{"line":6,"column":58}},"type":"cond-expr","locations":[{"start":{"line":6,"column":47},"end":{"line":6,"column":53}},{"start":{"line":6,"column":56},"end":{"line":6,"column":58}}],"line":6},"1":{"loc":{"start":{"line":7,"column":37},"end":{"line":7,"column":58}},"type":"cond-expr","locations":[{"start":{"line":7,"column":47},"end":{"line":7,"column":49}},{"start":{"line":7,"column":52},"end":{"line":7,"column":58}}],"line":7}},"s":{"0":0,"1":0,"2":0,"3":0,"4":0,"5":0,"6":0,"7":0,"8":0,"9":0,"10":0},"f":{"0":0,"1":0,"2":0},"b":{"0":[0,0],"1":[0,0]}}
,"/Users/shaiharyaarahmad/shaiharyaar/university/Full-Stack-Development/part5/bloglist-frontend/src/forms/BlogForm.jsx": {"path":"/Users/shaiharyaarahmad/shaiharyaar/university/Full-Stack-Development/part5/bloglist-frontend/src/forms/BlogForm.jsx","statementMap":{"0":{"start":{"line":4,"column":17},"end":{"line":56,"column":1}},"1":{"start":{"line":5,"column":28},"end":{"line":5,"column":40}},"2":{"start":{"line":6,"column":30},"end":{"line":6,"column":42}},"3":{"start":{"line":7,"column":24},"end":{"line":7,"column":36}},"4":{"start":{"line":9,"column":18},"end":{"line":19,"column":3}},"5":{"start":{"line":10,"column":4},"end":{"line":10,"column":22}},"6":{"start":{"line":11,"column":4},"end":{"line":15,"column":6}},"7":{"start":{"line":16,"column":4},"end":{"line":16,"column":16}},"8":{"start":{"line":17,"column":4},"end":{"line":17,"column":17}},"9":{"start":{"line":18,"column":4},"end":{"line":18,"column":14}},"10":{"start":{"line":21,"column":2},"end":{"line":55,"column":3}},"11":{"start":{"line":30,"column":36},"end":{"line":30,"column":58}},"12":{"start":{"line":40,"column":36},"end":{"line":40,"column":59}},"13":{"start":{"line":50,"column":36},"end":{"line":50,"column":56}},"14":{"start":{"line":58,"column":0},"end":{"line":60,"column":1}}},"fnMap":{"0":{"name":"(anonymous_0)","decl":{"start":{"line":4,"column":17},"end":{"line":4,"column":18}},"loc":{"start":{"line":4,"column":39},"end":{"line":56,"column":1}},"line":4},"1":{"name":"(anonymous_1)","decl":{"start":{"line":9,"column":18},"end":{"line":9,"column":19}},"loc":{"start":{"line":9,"column":25},"end":{"line":19,"column":3}},"line":9},"2":{"name":"(anonymous_2)","decl":{"start":{"line":30,"column":20},"end":{"line":30,"column":21}},"loc":{"start":{"line":30,"column":36},"end":{"line":30,"column":58}},"line":30},"3":{"name":"(anonymous_3)","decl":{"start":{"line":40,"column":20},"end":{"line":40,"column":21}},"loc":{"start":{"line":40,"column":36},"end":{"line":40,"column":59}},"line":40},"4":{"name":"(anonymous_4)","decl":{"start":{"line":50,"column":20},"end":{"line":50,"column":21}},"loc":{"start":{"line":50,"column":36},"end":{"line":50,"column":56}},"line":50}},"branchMap":{},"s":{"0":1,"1":31,"2":31,"3":31,"4":31,"5":1,"6":1,"7":1,"8":1,"9":1,"10":31,"11":10,"12":11,"13":8,"14":1},"f":{"0":31,"1":1,"2":10,"3":11,"4":8},"b":{},"_coverageSchema":"1a1c01bbd47fc00a2c39e90264f33305004495a9","hash":"09711a982ce9cd2803300c556ba8430570b4793e"}
,"/Users/shaiharyaarahmad/shaiharyaar/university/Full-Stack-Development/part5/bloglist-frontend/src/forms/LoginForm.jsx": {"path":"/Users/shaiharyaarahmad/shaiharyaar/university/Full-Stack-Development/part5/bloglist-frontend/src/forms/LoginForm.jsx","statementMap":{"0":{"start":{"line":4,"column":18},"end":{"line":24,"column":1}},"1":{"start":{"line":11,"column":2},"end":{"line":23,"column":3}},"2":{"start":{"line":26,"column":0},"end":{"line":32,"column":1}}},"fnMap":{"0":{"name":"(anonymous_0)","decl":{"start":{"line":4,"column":18},"end":{"line":4,"column":19}},"loc":{"start":{"line":10,"column":6},"end":{"line":24,"column":1}},"line":10}},"branchMap":{},"s":{"0":0,"1":0,"2":0},"f":{"0":0},"b":{}}
,"/Users/shaiharyaarahmad/shaiharyaar/university/Full-Stack-Development/part5/bloglist-frontend/src/services/blogs.js": {"path":"/Users/shaiharyaarahmad/shaiharyaar/university/Full-Stack-Development/part5/bloglist-frontend/src/services/blogs.js","statementMap":{"0":{"start":{"line":2,"column":16},"end":{"line":2,"column":28}},"1":{"start":{"line":4,"column":12},"end":{"line":4,"column":16}},"2":{"start":{"line":6,"column":17},"end":{"line":8,"column":1}},"3":{"start":{"line":7,"column":2},"end":{"line":7,"column":30}},"4":{"start":{"line":9,"column":15},"end":{"line":12,"column":1}},"5":{"start":{"line":10,"column":18},"end":{"line":10,"column":36}},"6":{"start":{"line":11,"column":2},"end":{"line":11,"column":50}},"7":{"start":{"line":11,"column":36},"end":{"line":11,"column":49}},"8":{"start":{"line":14,"column":15},"end":{"line":21,"column":1}},"9":{"start":{"line":15,"column":17},"end":{"line":17,"column":3}},"10":{"start":{"line":19,"column":19},"end":{"line":19,"column":63}},"11":{"start":{"line":20,"column":2},"end":{"line":20,"column":22}},"12":{"start":{"line":23,"column":15},"end":{"line":29,"column":1}},"13":{"start":{"line":24,"column":17},"end":{"line":26,"column":3}},"14":{"start":{"line":27,"column":14},"end":{"line":27,"column":66}},"15":{"start":{"line":28,"column":2},"end":{"line":28,"column":17}},"16":{"start":{"line":31,"column":15},"end":{"line":36,"column":1}},"17":{"start":{"line":32,"column":17},"end":{"line":34,"column":3}},"18":{"start":{"line":35,"column":2},"end":{"line":35,"column":48}}},"fnMap":{"0":{"name":"(anonymous_0)","decl":{"start":{"line":6,"column":17},"end":{"line":6,"column":18}},"loc":{"start":{"line":6,"column":31},"end":{"line":8,"column":1}},"line":6},"1":{"name":"(anonymous_1)","decl":{"start":{"line":9,"column":15},"end":{"line":9,"column":16}},"loc":{"start":{"line":9,"column":21},"end":{"line":12,"column":1}},"line":9},"2":{"name":"(anonymous_2)","decl":{"start":{"line":11,"column":22},"end":{"line":11,"column":23}},"loc":{"start":{"line":11,"column":36},"end":{"line":11,"column":49}},"line":11},"3":{"name":"(anonymous_3)","decl":{"start":{"line":14,"column":15},"end":{"line":14,"column":16}},"loc":{"start":{"line":14,"column":36},"end":{"line":21,"column":1}},"line":14},"4":{"name":"(anonymous_4)","decl":{"start":{"line":23,"column":15},"end":{"line":23,"column":16}},"loc":{"start":{"line":23,"column":38},"end":{"line":29,"column":1}},"line":23},"5":{"name":"(anonymous_5)","decl":{"start":{"line":31,"column":15},"end":{"line":31,"column":16}},"loc":{"start":{"line":31,"column":29},"end":{"line":36,"column":1}},"line":31}},"branchMap":{},"s":{"0":0,"1":0,"2":0,"3":0,"4":0,"5":0,"6":0,"7":0,"8":0,"9":0,"10":0,"11":0,"12":0,"13":0,"14":0,"15":0,"16":0,"17":0,"18":0},"f":{"0":0,"1":0,"2":0,"3":0,"4":0,"5":0},"b":{}}
,"/Users/shaiharyaarahmad/shaiharyaar/university/Full-Stack-Development/part5/bloglist-frontend/src/services/login.js": {"path":"/Users/shaiharyaarahmad/shaiharyaar/university/Full-Stack-Development/part5/bloglist-frontend/src/services/login.js","statementMap":{"0":{"start":{"line":2,"column":16},"end":{"line":2,"column":28}},"1":{"start":{"line":4,"column":14},"end":{"line":7,"column":1}},"2":{"start":{"line":5,"column":19},"end":{"line":5,"column":57}},"3":{"start":{"line":6,"column":2},"end":{"line":6,"column":22}}},"fnMap":{"0":{"name":"(anonymous_0)","decl":{"start":{"line":4,"column":14},"end":{"line":4,"column":15}},"loc":{"start":{"line":4,"column":37},"end":{"line":7,"column":1}},"line":4}},"branchMap":{},"s":{"0":0,"1":0,"2":0,"3":0},"f":{"0":0},"b":{}}
}
